dnc-android-webview/app/build/intermediates/manifest_merge_blame_file/debug/manifest-merger-blame-debug-report.txt
1<?xml version="1.0" encoding="utf-8"?>
2<manifest xmlns:android="http://schemas.android.com/apk/res/android"
3    package="com.example.oreo1"
4    android:versionCode="1"
5    android:versionName="1.0" >
6
7    <uses-sdk
8        android:minSdkVersion="26"
8-->src/main/AndroidManifest.xml
9        android:targetSdkVersion="32" />
9-->src/main/AndroidManifest.xml
10
11    <uses-permission android:name="android.permission.ACCESS_WIFI_STATE" />
11-->src/main/AndroidManifest.xml:5:5-92
11-->src/main/AndroidManifest.xml:5:22-73
12    <uses-permission android:name="android.permission.CHANGE_WIFI_STATE" />
12-->src/main/AndroidManifest.xml:6:5-92
12-->src/main/AndroidManifest.xml:6:22-73
13    <uses-permission android:name="android.permission.INTERNET" />
13-->src/main/AndroidManifest.xml:8:5-66
13-->src/main/AndroidManifest.xml:8:22-64
14    <uses-permission android:name="android.permission.WRITE_SETTINGS" />
14-->src/main/AndroidManifest.xml:10:5-72
14-->src/main/AndroidManifest.xml:10:22-70
15    <uses-permission android:name="android.permission.WRITE_SECURE_SETTINGS" />
15-->src/main/AndroidManifest.xml:11:5-79
15-->src/main/AndroidManifest.xml:11:22-77
16    <uses-permission android:name="android.permission.AIRPLANE_MODE" />
16-->src/main/AndroidManifest.xml:14:5-71
16-->src/main/AndroidManifest.xml:14:22-69
17    <uses-permission android:name="android.permission.ACTION_AIRPLANE_MODE_CHANGED" />
17-->src/main/AndroidManifest.xml:15:5-86
17-->src/main/AndroidManifest.xml:15:22-84
18    <uses-permission android:name="android.intent.action.AIRPLANE_MODE" />
18-->src/main/AndroidManifest.xml:17:5-75
18-->src/main/AndroidManifest.xml:17:22-72
19    <uses-permission android:name="android.intent.action.ACTION_AIRPLANE_MODE_CHANGED" />
19-->src/main/AndroidManifest.xml:18:5-89
19-->src/main/AndroidManifest.xml:18:22-87
20
21    <!-- <protected-broadcast android:name="android.intent.action.AIRPLANE_MODE" /> -->
22    <!-- <protected-broadcast android:name="android.intent.action.ACTION_AIRPLANE_MODE_CHANGED" /> -->
23    <application
23-->src/main/AndroidManifest.xml:24:5-44:19
24        android:allowBackup="true"
24-->src/main/AndroidManifest.xml:27:9-35
25        android:appComponentFactory="androidx.core.app.CoreComponentFactory"
25-->[androidx.core:core:1.7.0] AndroidManifest.xml:24:18-86
26        android:debuggable="true"
27        android:extractNativeLibs="false"
28        android:icon="@mipmap/ic_launcher"
28-->src/main/AndroidManifest.xml:28:9-43
29        android:label="@string/app_name"
29-->src/main/AndroidManifest.xml:29:9-41
30        android:roundIcon="@mipmap/ic_launcher_round"
30-->src/main/AndroidManifest.xml:30:9-54
31        android:sharedUserId="android.uid.system"
31-->src/main/AndroidManifest.xml:25:9-50
32        android:supportsRtl="true"
32-->src/main/AndroidManifest.xml:31:9-35
33        android:testOnly="true"
34        android:theme="@style/Theme.Oreo1"
34-->src/main/AndroidManifest.xml:32:9-43
35        android:usesCleartextTraffic="true" >
35-->src/main/AndroidManifest.xml:26:9-44
36        <activity
36-->src/main/AndroidManifest.xml:33:9-43:20
37            android:name="com.example.oreo1.MainActivity"
37-->src/main/AndroidManifest.xml:34:13-41
38            android:exported="true" >
38-->src/main/AndroidManifest.xml:35:13-36
39            <intent-filter>
39-->src/main/AndroidManifest.xml:36:13-42:29
40                <action android:name="android.intent.action.MAIN" />
40-->src/main/AndroidManifest.xml:37:17-69
40-->src/main/AndroidManifest.xml:37:25-66
41                <action android:name="android.intent.action.AIRPLANE_MODE" />
41-->src/main/AndroidManifest.xml:38:17-77
41-->src/main/AndroidManifest.xml:38:25-75
42                <action android:name="android.intent.action.ACTION_AIRPLANE_MODE_CHANGED" />
42-->src/main/AndroidManifest.xml:39:17-92
42-->src/main/AndroidManifest.xml:39:25-90
43
44                <category android:name="android.intent.category.LAUNCHER" />
44-->src/main/AndroidManifest.xml:41:17-77
44-->src/main/AndroidManifest.xml:41:27-74
45            </intent-filter>
46        </activity>
47
48        <provider
48-->[androidx.emoji2:emoji2:1.0.0] AndroidManifest.xml:26:9-34:20
49            android:name="androidx.startup.InitializationProvider"
49-->[androidx.emoji2:emoji2:1.0.0] AndroidManifest.xml:27:13-67
50            android:authorities="com.example.oreo1.androidx-startup"
50-->[androidx.emoji2:emoji2:1.0.0] AndroidManifest.xml:28:13-68
51            android:exported="false" >
51-->[androidx.emoji2:emoji2:1.0.0] AndroidManifest.xml:29:13-37
52            <meta-data
52-->[androidx.emoji2:emoji2:1.0.0] AndroidManifest.xml:31:13-33:52
53                android:name="androidx.emoji2.text.EmojiCompatInitializer"
53-->[androidx.emoji2:emoji2:1.0.0] AndroidManifest.xml:32:17-75
54                android:value="androidx.startup" />
54-->[androidx.emoji2:emoji2:1.0.0] AndroidManifest.xml:33:17-49
55            <meta-data
55-->[androidx.lifecycle:lifecycle-process:2.4.0] AndroidManifest.xml:31:13-33:52
56                android:name="androidx.lifecycle.ProcessLifecycleInitializer"
56-->[androidx.lifecycle:lifecycle-process:2.4.0] AndroidManifest.xml:32:17-78
57                android:value="androidx.startup" />
57-->[androidx.lifecycle:lifecycle-process:2.4.0] AndroidManifest.xml:33:17-49
58        </provider>
59    </application>
60
61</manifest>